0 info it worked if it ends with ok
1 verbose cli [ '/usr/local/Cellar/node/0.10.26/bin/node',
1 verbose cli   '/usr/local/bin/npm',
1 verbose cli   'install',
1 verbose cli   'hmtl' ]
2 info using npm@1.4.3
3 info using node@v0.10.26
4 warn package.json siots@0.0.1 No repository field.
5 warn package.json siots@0.0.1 No README data
6 verbose readDependencies using package.json deps
7 verbose cache add [ 'hmtl', null ]
8 verbose cache add name=undefined spec="hmtl" args=["hmtl",null]
9 verbose parsed url { protocol: null,
9 verbose parsed url   slashes: null,
9 verbose parsed url   auth: null,
9 verbose parsed url   host: null,
9 verbose parsed url   port: null,
9 verbose parsed url   hostname: null,
9 verbose parsed url   hash: null,
9 verbose parsed url   search: null,
9 verbose parsed url   query: null,
9 verbose parsed url   pathname: 'hmtl',
9 verbose parsed url   path: 'hmtl',
9 verbose parsed url   href: 'hmtl' }
10 silly lockFile e55cd905-hmtl hmtl
11 verbose lock hmtl /Users/ulanowicz/.npm/e55cd905-hmtl.lock
12 silly lockFile e55cd905-hmtl hmtl
13 silly lockFile e55cd905-hmtl hmtl
14 verbose addNamed [ 'hmtl', '' ]
15 verbose addNamed [ null, '*' ]
16 silly lockFile afc7344b-hmtl hmtl@
17 verbose lock hmtl@ /Users/ulanowicz/.npm/afc7344b-hmtl.lock
18 silly addNameRange { name: 'hmtl', range: '*', hasData: false }
19 verbose url raw hmtl
20 verbose url resolving [ 'https://registry.npmjs.org/', './hmtl' ]
21 verbose url resolved https://registry.npmjs.org/hmtl
22 info trying registry request attempt 1 at 13:15:16
23 http GET https://registry.npmjs.org/hmtl
24 http 404 https://registry.npmjs.org/hmtl
25 silly registry.get cb [ 404,
25 silly registry.get   { date: 'Sun, 06 Apr 2014 17:15:17 GMT',
25 silly registry.get     server: 'CouchDB/1.5.0 (Erlang OTP/R14B04)',
25 silly registry.get     'content-type': 'application/json',
25 silly registry.get     via: '1.1 varnish',
25 silly registry.get     'cache-control': 'max-age=0',
25 silly registry.get     'content-length': '52',
25 silly registry.get     'accept-ranges': 'bytes',
25 silly registry.get     age: '0',
25 silly registry.get     'x-served-by': 'cache-v36-ASH, cache-d97-DAL',
25 silly registry.get     'x-cache': 'MISS, MISS',
25 silly registry.get     'x-cache-hits': '0, 0',
25 silly registry.get     'x-timer': 'S1396804517.660243988,VS0,VS20,VE210,VE224',
25 silly registry.get     'keep-alive': 'timeout=10, max=50',
25 silly registry.get     connection: 'Keep-Alive' } ]
26 silly lockFile afc7344b-hmtl hmtl@
27 silly lockFile afc7344b-hmtl hmtl@
28 error 404 'hmtl' is not in the npm registry.
28 error 404 You should bug the author to publish it
28 error 404 It was specified as a dependency of 'siots'
28 error 404
28 error 404 Note that you can also install from a
28 error 404 tarball, folder, or http url, or git url.
29 error System Darwin 13.1.0
30 error command "/usr/local/Cellar/node/0.10.26/bin/node" "/usr/local/bin/npm" "install" "hmtl"
31 error cwd /Users/ulanowicz/GitHub/Pitt-SIOTS/node
32 error node -v v0.10.26
33 error npm -v 1.4.3
34 error code E404
35 verbose exit [ 1, true ]
